<?xml version="1.0" encoding="UTF-8"?>
<testsuite name="Test" tests="3" skipped="3" failures="0" errors="0" timestamp="2023-08-22T09:47:32" hostname="Idos-Fancy-Mac.fritz.box" time="0.001">
  <properties/>
  <testcase name="test1()" classname="Test" time="0.0">
    <skipped/>
  </testcase>
  <testcase name="test2()" classname="Test" time="0.0">
    <skipped/>
  </testcase>
  <testcase name="test3()" classname="Test" time="0.0">
    <skipped/>
  </testcase>
  <system-out><![CDATA[]]></system-out>
  <system-err><![CDATA[]]></system-err>
</testsuite>
